<?xml version="1.0" encoding="UTF-8"?>
<!-- Generated by org.testng.reporters.JUnitReportReporter -->
<testsuite hostname="DESKTOP-I2D520M" failures="0" tests="1" name="sample.Class2" time="1.067" errors="0" timestamp="2023-07-12T12:15:22 IST" skipped="0">
  <testcase classname="sample.Class2" name="search" time="1.067"/>
</testsuite> <!-- sample.Class2 -->
